<?xml version="1.0" encoding="utf-8"?><testsuites><testsuite errors="0" failures="0" hostname="shinuk-Z490-AORUS-ELITE" name="pytest" skipped="0" tests="7" time="1.086" timestamp="2021-06-09T18:10:06.400110"><testcase classname="tests.api.test_login" name="test_get_access_token" time="0.206" /><testcase classname="tests.api.test_login" name="test_use_access_token" time="0.162" /><testcase classname="tests.api.test_users" name="test_get_users_normal_user_me" time="0.329" /><testcase classname="tests.api.test_users" name="test_create_user_new_email" time="0.324" /><testcase classname="tests.api.test_users" name="test_get_existing_user" time="0.011" /><testcase classname="tests.api.test_users" name="test_create_user_existing_username" time="0.008" /><testcase classname="tests.api.test_users" name="test_retrieve_users" time="0.026" /></testsuite></testsuites>